{"timestamp":"2025-02-20T17:41:18.685Z","type":"info","message":"Servidor iniciado en http://localhost:3000","data":{}}
{"timestamp":"2025-02-20T17:41:18.717Z","type":"info","message":"Conectado a MongoDB exitosamente","data":{}}
{"timestamp":"2025-02-20T17:41:18.967Z","type":"info","message":"Incoming Request","data":{"method":"GET","path":"/api/mensajes","query":{},"ip":"::1"}}
{"timestamp":"2025-02-20T17:41:19.207Z","type":"info","message":"Incoming Request","data":{"method":"GET","path":"/api/mensajes","query":{},"ip":"::1"}}
{"timestamp":"2025-02-20T17:41:19.434Z","type":"info","message":"Incoming Request","data":{"method":"GET","path":"/api/mensajes","query":{},"ip":"::1"}}
{"timestamp":"2025-02-20T17:41:19.684Z","type":"info","message":"Incoming Request","data":{"method":"GET","path":"/api/mensajes","query":{},"ip":"::1"}}
{"timestamp":"2025-02-20T17:41:19.914Z","type":"info","message":"Incoming Request","data":{"method":"GET","path":"/api/mensajes","query":{},"ip":"::1"}}
{"timestamp":"2025-02-20T17:41:20.148Z","type":"info","message":"Incoming Request","data":{"method":"GET","path":"/api/mensajes","query":{},"ip":"::1"}}
{"timestamp":"2025-02-20T17:41:20.363Z","type":"info","message":"Incoming Request","data":{"method":"GET","path":"/api/mensajes","query":{},"ip":"::1"}}
{"timestamp":"2025-02-20T17:41:20.585Z","type":"info","message":"Incoming Request","data":{"method":"GET","path":"/api/mensajes","query":{},"ip":"::1"}}
{"timestamp":"2025-02-20T17:41:20.798Z","type":"info","message":"Incoming Request","data":{"method":"GET","path":"/api/mensajes","query":{},"ip":"::1"}}
{"timestamp":"2025-02-20T17:41:21.035Z","type":"info","message":"Incoming Request","data":{"method":"GET","path":"/api/mensajes","query":{},"ip":"::1"}}
{"timestamp":"2025-02-20T17:41:21.289Z","type":"info","message":"Incoming Request","data":{"method":"GET","path":"/api/mensajes","query":{},"ip":"::1"}}
{"timestamp":"2025-02-20T17:41:21.528Z","type":"info","message":"Incoming Request","data":{"method":"GET","path":"/api/mensajes","query":{},"ip":"::1"}}
{"timestamp":"2025-02-20T17:41:21.791Z","type":"info","message":"Incoming Request","data":{"method":"GET","path":"/api/mensajes","query":{},"ip":"::1"}}
{"timestamp":"2025-02-20T17:41:22.056Z","type":"info","message":"Incoming Request","data":{"method":"GET","path":"/api/mensajes","query":{},"ip":"::1"}}
{"timestamp":"2025-02-20T17:41:22.305Z","type":"info","message":"Incoming Request","data":{"method":"GET","path":"/api/mensajes","query":{},"ip":"::1"}}
{"timestamp":"2025-02-20T17:41:22.542Z","type":"info","message":"Incoming Request","data":{"method":"GET","path":"/api/mensajes","query":{},"ip":"::1"}}
{"timestamp":"2025-02-20T17:41:22.809Z","type":"info","message":"Incoming Request","data":{"method":"GET","path":"/api/mensajes","query":{},"ip":"::1"}}
{"timestamp":"2025-02-20T17:41:23.004Z","type":"info","message":"Incoming Request","data":{"method":"GET","path":"/api/mensajes","query":{},"ip":"::1"}}
{"timestamp":"2025-02-20T17:41:23.237Z","type":"info","message":"Incoming Request","data":{"method":"GET","path":"/api/mensajes","query":{},"ip":"::1"}}
{"timestamp":"2025-02-20T17:41:23.477Z","type":"info","message":"Incoming Request","data":{"method":"GET","path":"/api/mensajes","query":{},"ip":"::1"}}
{"timestamp":"2025-02-20T17:41:23.732Z","type":"info","message":"Incoming Request","data":{"method":"GET","path":"/api/mensajes","query":{},"ip":"::1"}}
{"timestamp":"2025-02-20T17:41:23.977Z","type":"info","message":"Incoming Request","data":{"method":"GET","path":"/api/mensajes","query":{},"ip":"::1"}}
{"timestamp":"2025-02-20T17:41:24.228Z","type":"info","message":"Incoming Request","data":{"method":"GET","path":"/api/mensajes","query":{},"ip":"::1"}}
{"timestamp":"2025-02-20T17:41:24.490Z","type":"info","message":"Incoming Request","data":{"method":"GET","path":"/api/mensajes","query":{},"ip":"::1"}}
{"timestamp":"2025-02-20T17:41:24.732Z","type":"info","message":"Incoming Request","data":{"method":"GET","path":"/api/mensajes","query":{},"ip":"::1"}}
{"timestamp":"2025-02-20T17:41:24.976Z","type":"info","message":"Incoming Request","data":{"method":"GET","path":"/api/mensajes","query":{},"ip":"::1"}}
{"timestamp":"2025-02-20T17:41:25.186Z","type":"info","message":"Incoming Request","data":{"method":"GET","path":"/api/mensajes","query":{},"ip":"::1"}}
{"timestamp":"2025-02-20T17:41:25.397Z","type":"info","message":"Incoming Request","data":{"method":"GET","path":"/api/mensajes","query":{},"ip":"::1"}}
{"timestamp":"2025-02-20T17:41:25.635Z","type":"info","message":"Incoming Request","data":{"method":"GET","path":"/api/mensajes","query":{},"ip":"::1"}}
{"timestamp":"2025-02-20T17:41:25.870Z","type":"info","message":"Incoming Request","data":{"method":"GET","path":"/api/mensajes","query":{},"ip":"::1"}}
{"timestamp":"2025-02-20T17:41:26.115Z","type":"info","message":"Incoming Request","data":{"method":"GET","path":"/api/mensajes","query":{},"ip":"::1"}}
{"timestamp":"2025-02-20T17:41:26.355Z","type":"info","message":"Incoming Request","data":{"method":"GET","path":"/api/mensajes","query":{},"ip":"::1"}}
{"timestamp":"2025-02-20T17:41:26.606Z","type":"info","message":"Incoming Request","data":{"method":"GET","path":"/api/mensajes","query":{},"ip":"::1"}}
{"timestamp":"2025-02-20T17:41:26.875Z","type":"info","message":"Incoming Request","data":{"method":"GET","path":"/api/mensajes","query":{},"ip":"::1"}}
{"timestamp":"2025-02-20T17:41:27.106Z","type":"info","message":"Incoming Request","data":{"method":"GET","path":"/api/mensajes","query":{},"ip":"::1"}}
{"timestamp":"2025-02-20T17:41:27.340Z","type":"info","message":"Incoming Request","data":{"method":"GET","path":"/api/mensajes","query":{},"ip":"::1"}}
{"timestamp":"2025-02-20T17:41:27.577Z","type":"info","message":"Incoming Request","data":{"method":"GET","path":"/api/mensajes","query":{},"ip":"::1"}}
{"timestamp":"2025-02-20T17:41:27.825Z","type":"info","message":"Incoming Request","data":{"method":"GET","path":"/api/mensajes","query":{},"ip":"::1"}}
{"timestamp":"2025-02-20T17:41:28.161Z","type":"info","message":"Incoming Request","data":{"method":"GET","path":"/api/mensajes","query":{},"ip":"::1"}}
{"timestamp":"2025-02-20T17:41:28.442Z","type":"info","message":"Incoming Request","data":{"method":"GET","path":"/api/mensajes","query":{},"ip":"::1"}}
{"timestamp":"2025-02-20T17:41:28.704Z","type":"info","message":"Incoming Request","data":{"method":"GET","path":"/api/mensajes","query":{},"ip":"::1"}}
{"timestamp":"2025-02-20T17:41:28.957Z","type":"info","message":"Incoming Request","data":{"method":"GET","path":"/api/mensajes","query":{},"ip":"::1"}}
{"timestamp":"2025-02-20T17:41:29.208Z","type":"info","message":"Incoming Request","data":{"method":"GET","path":"/api/mensajes","query":{},"ip":"::1"}}
{"timestamp":"2025-02-20T17:41:29.479Z","type":"info","message":"Incoming Request","data":{"method":"GET","path":"/api/mensajes","query":{},"ip":"::1"}}
{"timestamp":"2025-02-20T17:41:29.756Z","type":"info","message":"Incoming Request","data":{"method":"GET","path":"/api/mensajes","query":{},"ip":"::1"}}
{"timestamp":"2025-02-20T17:41:29.960Z","type":"info","message":"Incoming Request","data":{"method":"GET","path":"/api/mensajes","query":{},"ip":"::1"}}
{"timestamp":"2025-02-20T17:41:30.202Z","type":"info","message":"Incoming Request","data":{"method":"GET","path":"/api/mensajes","query":{},"ip":"::1"}}
{"timestamp":"2025-02-20T17:41:30.466Z","type":"info","message":"Incoming Request","data":{"method":"GET","path":"/api/mensajes","query":{},"ip":"::1"}}
{"timestamp":"2025-02-20T17:41:30.710Z","type":"info","message":"Incoming Request","data":{"method":"GET","path":"/api/mensajes","query":{},"ip":"::1"}}
{"timestamp":"2025-02-20T17:41:30.969Z","type":"info","message":"Incoming Request","data":{"method":"GET","path":"/api/mensajes","query":{},"ip":"::1"}}
{"timestamp":"2025-02-20T17:41:31.228Z","type":"info","message":"Incoming Request","data":{"method":"GET","path":"/api/mensajes","query":{},"ip":"::1"}}
{"timestamp":"2025-02-20T17:41:31.451Z","type":"info","message":"Incoming Request","data":{"method":"GET","path":"/api/mensajes","query":{},"ip":"::1"}}
{"timestamp":"2025-02-20T17:41:31.700Z","type":"info","message":"Incoming Request","data":{"method":"GET","path":"/api/mensajes","query":{},"ip":"::1"}}
{"timestamp":"2025-02-20T17:41:31.951Z","type":"info","message":"Incoming Request","data":{"method":"GET","path":"/api/mensajes","query":{},"ip":"::1"}}
{"timestamp":"2025-02-20T17:41:32.186Z","type":"info","message":"Incoming Request","data":{"method":"GET","path":"/api/mensajes","query":{},"ip":"::1"}}
{"timestamp":"2025-02-20T17:41:32.433Z","type":"info","message":"Incoming Request","data":{"method":"GET","path":"/api/mensajes","query":{},"ip":"::1"}}
{"timestamp":"2025-02-20T17:41:32.689Z","type":"info","message":"Incoming Request","data":{"method":"GET","path":"/api/mensajes","query":{},"ip":"::1"}}
{"timestamp":"2025-02-20T17:41:32.933Z","type":"info","message":"Incoming Request","data":{"method":"GET","path":"/api/mensajes","query":{},"ip":"::1"}}
{"timestamp":"2025-02-20T17:41:33.229Z","type":"info","message":"Incoming Request","data":{"method":"GET","path":"/api/mensajes","query":{},"ip":"::1"}}
{"timestamp":"2025-02-20T17:41:33.475Z","type":"info","message":"Incoming Request","data":{"method":"GET","path":"/api/mensajes","query":{},"ip":"::1"}}
{"timestamp":"2025-02-20T17:41:33.720Z","type":"info","message":"Incoming Request","data":{"method":"GET","path":"/api/mensajes","query":{},"ip":"::1"}}
{"timestamp":"2025-02-20T17:41:33.959Z","type":"info","message":"Incoming Request","data":{"method":"GET","path":"/api/mensajes","query":{},"ip":"::1"}}
{"timestamp":"2025-02-20T17:41:34.203Z","type":"info","message":"Incoming Request","data":{"method":"GET","path":"/api/mensajes","query":{},"ip":"::1"}}
{"timestamp":"2025-02-20T17:41:34.459Z","type":"info","message":"Incoming Request","data":{"method":"GET","path":"/api/mensajes","query":{},"ip":"::1"}}
{"timestamp":"2025-02-20T17:41:34.670Z","type":"info","message":"Incoming Request","data":{"method":"GET","path":"/api/mensajes","query":{},"ip":"::1"}}
{"timestamp":"2025-02-20T17:41:34.940Z","type":"info","message":"Incoming Request","data":{"method":"GET","path":"/api/mensajes","query":{},"ip":"::1"}}
{"timestamp":"2025-02-20T17:41:35.186Z","type":"info","message":"Incoming Request","data":{"method":"GET","path":"/api/mensajes","query":{},"ip":"::1"}}
{"timestamp":"2025-02-20T17:41:35.461Z","type":"info","message":"Incoming Request","data":{"method":"GET","path":"/api/mensajes","query":{},"ip":"::1"}}
{"timestamp":"2025-02-20T17:41:35.711Z","type":"info","message":"Incoming Request","data":{"method":"GET","path":"/api/mensajes","query":{},"ip":"::1"}}
{"timestamp":"2025-02-20T17:41:35.953Z","type":"info","message":"Incoming Request","data":{"method":"GET","path":"/api/mensajes","query":{},"ip":"::1"}}
{"timestamp":"2025-02-20T17:41:36.191Z","type":"info","message":"Incoming Request","data":{"method":"GET","path":"/api/mensajes","query":{},"ip":"::1"}}
{"timestamp":"2025-02-20T17:41:36.433Z","type":"info","message":"Incoming Request","data":{"method":"GET","path":"/api/mensajes","query":{},"ip":"::1"}}
{"timestamp":"2025-02-20T17:41:36.687Z","type":"info","message":"Incoming Request","data":{"method":"GET","path":"/api/mensajes","query":{},"ip":"::1"}}
{"timestamp":"2025-02-20T17:41:36.897Z","type":"info","message":"Incoming Request","data":{"method":"GET","path":"/api/mensajes","query":{},"ip":"::1"}}
{"timestamp":"2025-02-20T17:41:37.152Z","type":"info","message":"Incoming Request","data":{"method":"GET","path":"/api/mensajes","query":{},"ip":"::1"}}
{"timestamp":"2025-02-20T17:41:37.407Z","type":"info","message":"Incoming Request","data":{"method":"GET","path":"/api/mensajes","query":{},"ip":"::1"}}
{"timestamp":"2025-02-20T17:41:37.595Z","type":"info","message":"Incoming Request","data":{"method":"GET","path":"/api/mensajes","query":{},"ip":"::1"}}
{"timestamp":"2025-02-20T17:41:37.843Z","type":"info","message":"Incoming Request","data":{"method":"GET","path":"/api/mensajes","query":{},"ip":"::1"}}
{"timestamp":"2025-02-20T17:41:38.093Z","type":"info","message":"Incoming Request","data":{"method":"GET","path":"/api/mensajes","query":{},"ip":"::1"}}
{"timestamp":"2025-02-20T17:41:38.326Z","type":"info","message":"Incoming Request","data":{"method":"GET","path":"/api/mensajes","query":{},"ip":"::1"}}
{"timestamp":"2025-02-20T17:41:38.554Z","type":"info","message":"Incoming Request","data":{"method":"GET","path":"/api/mensajes","query":{},"ip":"::1"}}
{"timestamp":"2025-02-20T17:41:38.746Z","type":"info","message":"Incoming Request","data":{"method":"GET","path":"/api/mensajes","query":{},"ip":"::1"}}
{"timestamp":"2025-02-20T17:41:39.011Z","type":"info","message":"Incoming Request","data":{"method":"GET","path":"/api/mensajes","query":{},"ip":"::1"}}
{"timestamp":"2025-02-20T17:41:39.216Z","type":"info","message":"Incoming Request","data":{"method":"GET","path":"/api/mensajes","query":{},"ip":"::1"}}
{"timestamp":"2025-02-20T17:41:39.454Z","type":"info","message":"Incoming Request","data":{"method":"GET","path":"/api/mensajes","query":{},"ip":"::1"}}
{"timestamp":"2025-02-20T17:41:39.648Z","type":"info","message":"Incoming Request","data":{"method":"GET","path":"/api/mensajes","query":{},"ip":"::1"}}
{"timestamp":"2025-02-20T17:41:39.845Z","type":"info","message":"Incoming Request","data":{"method":"GET","path":"/api/mensajes","query":{},"ip":"::1"}}
{"timestamp":"2025-02-20T17:41:40.096Z","type":"info","message":"Incoming Request","data":{"method":"GET","path":"/api/mensajes","query":{},"ip":"::1"}}
{"timestamp":"2025-02-20T17:41:40.296Z","type":"info","message":"Incoming Request","data":{"method":"GET","path":"/api/mensajes","query":{},"ip":"::1"}}
{"timestamp":"2025-02-20T17:41:40.535Z","type":"info","message":"Incoming Request","data":{"method":"GET","path":"/api/mensajes","query":{},"ip":"::1"}}
{"timestamp":"2025-02-20T17:41:40.754Z","type":"info","message":"Incoming Request","data":{"method":"GET","path":"/api/mensajes","query":{},"ip":"::1"}}
{"timestamp":"2025-02-20T17:41:40.992Z","type":"info","message":"Incoming Request","data":{"method":"GET","path":"/api/mensajes","query":{},"ip":"::1"}}
{"timestamp":"2025-02-20T17:41:41.246Z","type":"info","message":"Incoming Request","data":{"method":"GET","path":"/api/mensajes","query":{},"ip":"::1"}}
{"timestamp":"2025-02-20T17:41:41.448Z","type":"info","message":"Incoming Request","data":{"method":"GET","path":"/api/mensajes","query":{},"ip":"::1"}}
{"timestamp":"2025-02-20T17:41:41.658Z","type":"info","message":"Incoming Request","data":{"method":"GET","path":"/api/mensajes","query":{},"ip":"::1"}}
{"timestamp":"2025-02-20T17:41:41.856Z","type":"info","message":"Incoming Request","data":{"method":"GET","path":"/api/mensajes","query":{},"ip":"::1"}}
{"timestamp":"2025-02-20T17:41:42.110Z","type":"info","message":"Incoming Request","data":{"method":"GET","path":"/api/mensajes","query":{},"ip":"::1"}}
{"timestamp":"2025-02-20T17:41:42.360Z","type":"info","message":"Incoming Request","data":{"method":"GET","path":"/api/mensajes","query":{},"ip":"::1"}}
{"timestamp":"2025-02-20T17:41:42.560Z","type":"info","message":"Incoming Request","data":{"method":"GET","path":"/api/mensajes","query":{},"ip":"::1"}}
{"timestamp":"2025-02-20T17:41:42.810Z","type":"info","message":"Incoming Request","data":{"method":"GET","path":"/api/mensajes","query":{},"ip":"::1"}}
{"timestamp":"2025-02-20T17:41:43.003Z","type":"info","message":"Incoming Request","data":{"method":"GET","path":"/api/mensajes","query":{},"ip":"::1"}}
{"timestamp":"2025-02-20T17:41:43.203Z","type":"info","message":"Incoming Request","data":{"method":"GET","path":"/api/mensajes","query":{},"ip":"::1"}}
{"timestamp":"2025-02-20T17:41:43.424Z","type":"info","message":"Incoming Request","data":{"method":"GET","path":"/api/mensajes","query":{},"ip":"::1"}}
{"timestamp":"2025-02-20T17:41:43.628Z","type":"info","message":"Incoming Request","data":{"method":"GET","path":"/api/mensajes","query":{},"ip":"::1"}}
{"timestamp":"2025-02-20T17:41:43.827Z","type":"info","message":"Incoming Request","data":{"method":"GET","path":"/api/mensajes","query":{},"ip":"::1"}}
{"timestamp":"2025-02-20T17:41:44.012Z","type":"info","message":"Incoming Request","data":{"method":"GET","path":"/api/mensajes","query":{},"ip":"::1"}}
{"timestamp":"2025-02-20T17:41:44.218Z","type":"info","message":"Incoming Request","data":{"method":"GET","path":"/api/mensajes","query":{},"ip":"::1"}}
{"timestamp":"2025-02-20T17:41:44.409Z","type":"info","message":"Incoming Request","data":{"method":"GET","path":"/api/mensajes","query":{},"ip":"::1"}}
{"timestamp":"2025-02-20T17:41:44.663Z","type":"info","message":"Incoming Request","data":{"method":"GET","path":"/api/mensajes","query":{},"ip":"::1"}}
{"timestamp":"2025-02-20T17:41:44.859Z","type":"info","message":"Incoming Request","data":{"method":"GET","path":"/api/mensajes","query":{},"ip":"::1"}}
{"timestamp":"2025-02-20T17:41:45.059Z","type":"info","message":"Incoming Request","data":{"method":"GET","path":"/api/mensajes","query":{},"ip":"::1"}}
{"timestamp":"2025-02-20T17:41:45.249Z","type":"info","message":"Incoming Request","data":{"method":"GET","path":"/api/mensajes","query":{},"ip":"::1"}}
{"timestamp":"2025-02-20T17:41:45.441Z","type":"info","message":"Incoming Request","data":{"method":"GET","path":"/api/mensajes","query":{},"ip":"::1"}}
{"timestamp":"2025-02-20T17:41:45.689Z","type":"info","message":"Incoming Request","data":{"method":"GET","path":"/api/mensajes","query":{},"ip":"::1"}}
{"timestamp":"2025-02-20T17:41:45.900Z","type":"info","message":"Incoming Request","data":{"method":"GET","path":"/api/mensajes","query":{},"ip":"::1"}}
{"timestamp":"2025-02-20T17:41:46.116Z","type":"info","message":"Incoming Request","data":{"method":"GET","path":"/api/mensajes","query":{},"ip":"::1"}}
{"timestamp":"2025-02-20T17:41:46.349Z","type":"info","message":"Incoming Request","data":{"method":"GET","path":"/api/mensajes","query":{},"ip":"::1"}}
{"timestamp":"2025-02-20T17:41:46.615Z","type":"info","message":"Incoming Request","data":{"method":"GET","path":"/api/mensajes","query":{},"ip":"::1"}}
{"timestamp":"2025-02-20T17:41:46.824Z","type":"info","message":"Incoming Request","data":{"method":"GET","path":"/api/mensajes","query":{},"ip":"::1"}}
{"timestamp":"2025-02-20T17:41:47.074Z","type":"info","message":"Incoming Request","data":{"method":"GET","path":"/api/mensajes","query":{},"ip":"::1"}}
{"timestamp":"2025-02-20T17:41:47.288Z","type":"info","message":"Incoming Request","data":{"method":"GET","path":"/api/mensajes","query":{},"ip":"::1"}}
{"timestamp":"2025-02-20T17:41:47.486Z","type":"info","message":"Incoming Request","data":{"method":"GET","path":"/api/mensajes","query":{},"ip":"::1"}}
{"timestamp":"2025-02-20T17:41:47.675Z","type":"info","message":"Incoming Request","data":{"method":"GET","path":"/api/mensajes","query":{},"ip":"::1"}}
{"timestamp":"2025-02-20T17:41:47.934Z","type":"info","message":"Incoming Request","data":{"method":"GET","path":"/api/mensajes","query":{},"ip":"::1"}}
{"timestamp":"2025-02-20T17:41:48.183Z","type":"info","message":"Incoming Request","data":{"method":"GET","path":"/api/mensajes","query":{},"ip":"::1"}}
{"timestamp":"2025-02-20T17:41:48.440Z","type":"info","message":"Incoming Request","data":{"method":"GET","path":"/api/mensajes","query":{},"ip":"::1"}}
{"timestamp":"2025-02-20T17:41:48.684Z","type":"info","message":"Incoming Request","data":{"method":"GET","path":"/api/mensajes","query":{},"ip":"::1"}}
{"timestamp":"2025-02-20T17:41:48.922Z","type":"info","message":"Incoming Request","data":{"method":"GET","path":"/api/mensajes","query":{},"ip":"::1"}}
{"timestamp":"2025-02-20T17:41:49.133Z","type":"info","message":"Incoming Request","data":{"method":"GET","path":"/api/mensajes","query":{},"ip":"::1"}}
{"timestamp":"2025-02-20T17:41:49.358Z","type":"info","message":"Incoming Request","data":{"method":"GET","path":"/api/mensajes","query":{},"ip":"::1"}}
{"timestamp":"2025-02-20T17:41:49.617Z","type":"info","message":"Incoming Request","data":{"method":"GET","path":"/api/mensajes","query":{},"ip":"::1"}}
{"timestamp":"2025-02-20T17:41:49.886Z","type":"info","message":"Incoming Request","data":{"method":"GET","path":"/api/mensajes","query":{},"ip":"::1"}}
{"timestamp":"2025-02-20T17:41:50.144Z","type":"info","message":"Incoming Request","data":{"method":"GET","path":"/api/mensajes","query":{},"ip":"::1"}}
{"timestamp":"2025-02-20T17:41:50.430Z","type":"info","message":"Incoming Request","data":{"method":"GET","path":"/api/mensajes","query":{},"ip":"::1"}}
{"timestamp":"2025-02-20T17:41:50.771Z","type":"info","message":"Incoming Request","data":{"method":"GET","path":"/api/mensajes","query":{},"ip":"::1"}}
{"timestamp":"2025-02-20T17:41:51.060Z","type":"info","message":"Incoming Request","data":{"method":"GET","path":"/api/mensajes","query":{},"ip":"::1"}}
{"timestamp":"2025-02-20T17:41:51.393Z","type":"info","message":"Incoming Request","data":{"method":"GET","path":"/api/mensajes","query":{},"ip":"::1"}}
{"timestamp":"2025-02-20T17:47:50.488Z","type":"info","message":"Servidor iniciado en http://localhost:3000","data":{}}
{"timestamp":"2025-02-20T17:47:50.523Z","type":"info","message":"Conectado a MongoDB exitosamente","data":{}}
{"timestamp":"2025-02-20T17:47:56.194Z","type":"info","message":"API Request","data":{"method":"OPTIONS","path":"/api/consejos","query":{}}}
{"timestamp":"2025-02-20T17:47:56.202Z","type":"info","message":"API Request","data":{"method":"POST","path":"/api/consejos","query":{}}}
{"timestamp":"2025-02-20T17:47:56.288Z","type":"info","message":"API Request","data":{"method":"GET","path":"/api/consejos","query":{}}}
{"timestamp":"2025-02-20T17:48:04.475Z","type":"info","message":"API Request","data":{"method":"OPTIONS","path":"/api/consejos","query":{}}}
{"timestamp":"2025-02-20T17:48:04.479Z","type":"info","message":"API Request","data":{"method":"POST","path":"/api/consejos","query":{}}}
{"timestamp":"2025-02-20T17:48:04.493Z","type":"info","message":"API Request","data":{"method":"GET","path":"/api/consejos","query":{}}}
{"timestamp":"2025-02-20T17:48:07.619Z","type":"info","message":"API Request","data":{"method":"POST","path":"/api/consejos","query":{}}}
{"timestamp":"2025-02-20T17:48:07.633Z","type":"info","message":"API Request","data":{"method":"GET","path":"/api/consejos","query":{}}}
{"timestamp":"2025-02-20T17:50:09.532Z","type":"info","message":"Servidor iniciado en http://localhost:3000","data":{}}
{"timestamp":"2025-02-20T17:50:09.553Z","type":"info","message":"Conectado a MongoDB exitosamente","data":{}}
{"timestamp":"2025-02-20T17:55:37.414Z","type":"info","message":"API Request","data":{"method":"GET","path":"/api/seguimientos","query":{}}}
{"timestamp":"2025-02-20T17:55:47.009Z","type":"info","message":"API Request","data":{"method":"GET","path":"/api/consejos","query":{}}}
{"timestamp":"2025-02-20T17:55:47.495Z","type":"info","message":"API Request","data":{"method":"GET","path":"/api/tests","query":{}}}
{"timestamp":"2025-02-20T17:55:47.498Z","type":"debug","message":"Obteniendo tests","data":{}}
{"timestamp":"2025-02-20T17:55:47.500Z","type":"info","message":"Tests recuperados","data":{"count":0}}
{"timestamp":"2025-02-20T17:55:49.838Z","type":"info","message":"API Request","data":{"method":"GET","path":"/api/tests","query":{}}}
{"timestamp":"2025-02-20T17:55:49.840Z","type":"debug","message":"Obteniendo tests","data":{}}
{"timestamp":"2025-02-20T17:55:49.843Z","type":"info","message":"Tests recuperados","data":{"count":0}}
{"timestamp":"2025-02-20T17:55:53.096Z","type":"info","message":"API Request","data":{"method":"GET","path":"/api/tests","query":{}}}
{"timestamp":"2025-02-20T17:55:53.098Z","type":"debug","message":"Obteniendo tests","data":{}}
{"timestamp":"2025-02-20T17:55:53.100Z","type":"info","message":"Tests recuperados","data":{"count":0}}
{"timestamp":"2025-02-20T17:55:54.494Z","type":"info","message":"API Request","data":{"method":"GET","path":"/api/consejos","query":{}}}
{"timestamp":"2025-02-20T17:55:55.919Z","type":"info","message":"API Request","data":{"method":"GET","path":"/api/seguimientos","query":{}}}
{"timestamp":"2025-02-20T17:55:57.087Z","type":"info","message":"API Request","data":{"method":"GET","path":"/api/mensajes","query":{}}}
{"timestamp":"2025-02-20T17:55:58.320Z","type":"info","message":"API Request","data":{"method":"OPTIONS","path":"/api/mensajes/67b76ae2a81cb829a0ea3958","query":{}}}
{"timestamp":"2025-02-20T17:55:58.325Z","type":"info","message":"API Request","data":{"method":"DELETE","path":"/api/mensajes/67b76ae2a81cb829a0ea3958","query":{}}}
{"timestamp":"2025-02-20T17:55:58.338Z","type":"info","message":"API Request","data":{"method":"GET","path":"/api/mensajes","query":{}}}
{"timestamp":"2025-02-20T17:56:00.920Z","type":"info","message":"API Request","data":{"method":"OPTIONS","path":"/api/mensajes","query":{}}}
{"timestamp":"2025-02-20T18:04:23.604Z","type":"info","message":"Servidor iniciado en http://localhost:3000","data":{}}
{"timestamp":"2025-02-20T18:04:23.620Z","type":"info","message":"Conectado a MongoDB exitosamente","data":{}}
{"timestamp":"2025-02-20T18:05:17.137Z","type":"info","message":"API Request","data":{"method":"GET","path":"/api/consejos","query":{}}}
{"timestamp":"2025-02-20T18:05:18.144Z","type":"info","message":"API Request","data":{"method":"GET","path":"/api/tests","query":{}}}
{"timestamp":"2025-02-20T18:05:18.145Z","type":"debug","message":"Obteniendo tests","data":{}}
{"timestamp":"2025-02-20T18:05:18.148Z","type":"info","message":"Tests recuperados","data":{"count":0}}
{"timestamp":"2025-02-20T18:05:25.902Z","type":"info","message":"API Request","data":{"method":"GET","path":"/api/consejos","query":{}}}
{"timestamp":"2025-02-20T18:06:18.503Z","type":"info","message":"API Request","data":{"method":"GET","path":"/api/consejos","query":{}}}
{"timestamp":"2025-02-20T18:06:22.854Z","type":"info","message":"API Request","data":{"method":"GET","path":"/api/seguimientos","query":{}}}
{"timestamp":"2025-02-20T18:07:21.983Z","type":"info","message":"API Request","data":{"method":"GET","path":"/api/seguimientos","query":{}}}
{"timestamp":"2025-02-20T18:07:23.424Z","type":"info","message":"API Request","data":{"method":"GET","path":"/api/seguimientos","query":{}}}
{"timestamp":"2025-02-20T18:07:27.426Z","type":"info","message":"API Request","data":{"method":"GET","path":"/api/mensajes","query":{}}}
{"timestamp":"2025-02-20T18:08:17.583Z","type":"info","message":"API Request","data":{"method":"GET","path":"/api/mensajes","query":{}}}
{"timestamp":"2025-02-20T18:08:23.960Z","type":"info","message":"API Request","data":{"method":"GET","path":"/api/tests","query":{}}}
{"timestamp":"2025-02-20T18:08:23.961Z","type":"debug","message":"Obteniendo tests","data":{}}
{"timestamp":"2025-02-20T18:08:23.964Z","type":"info","message":"Tests recuperados","data":{"count":0}}
{"timestamp":"2025-02-20T18:08:31.069Z","type":"info","message":"API Request","data":{"method":"OPTIONS","path":"/api/tests","query":{}}}
{"timestamp":"2025-02-20T18:08:31.072Z","type":"info","message":"API Request","data":{"method":"POST","path":"/api/tests","query":{}}}
{"timestamp":"2025-02-20T18:08:31.087Z","type":"debug","message":"Creando nuevo test","data":{"reciclaje":1,"transporte":2,"puntuacionTotal":3}}
{"timestamp":"2025-02-20T18:08:31.092Z","type":"info","message":"Test creado exitosamente","data":{"id":"67b76f9fc4409ca526d0ca3c"}}
{"timestamp":"2025-02-20T18:08:31.099Z","type":"info","message":"API Request","data":{"method":"GET","path":"/api/tests","query":{}}}
{"timestamp":"2025-02-20T18:08:31.100Z","type":"debug","message":"Obteniendo tests","data":{}}
{"timestamp":"2025-02-20T18:08:31.101Z","type":"info","message":"Tests recuperados","data":{"count":1}}
{"timestamp":"2025-02-20T18:08:34.826Z","type":"info","message":"API Request","data":{"method":"GET","path":"/api/tests","query":{}}}
{"timestamp":"2025-02-20T18:08:34.827Z","type":"debug","message":"Obteniendo tests","data":{}}
{"timestamp":"2025-02-20T18:08:34.829Z","type":"info","message":"Tests recuperados","data":{"count":1}}
{"timestamp":"2025-02-20T18:08:37.711Z","type":"info","message":"API Request","data":{"method":"GET","path":"/api/consejos","query":{}}}
{"timestamp":"2025-02-20T18:08:39.296Z","type":"info","message":"API Request","data":{"method":"OPTIONS","path":"/api/consejos/67b76acca81cb829a0ea3954","query":{}}}
{"timestamp":"2025-02-20T18:08:39.298Z","type":"info","message":"API Request","data":{"method":"DELETE","path":"/api/consejos/67b76acca81cb829a0ea3954","query":{}}}
{"timestamp":"2025-02-20T18:08:39.305Z","type":"info","message":"API Request","data":{"method":"GET","path":"/api/consejos","query":{}}}
{"timestamp":"2025-02-20T18:08:49.883Z","type":"info","message":"Tests recuperados","data":{"count":1}}
{"timestamp":"2025-02-20T18:14:18.913Z","type":"info","message":"API Request","data":{"method":"GET","path":"/api/consejos","query":{}}}
{"timestamp":"2025-02-20T18:14:23.878Z","type":"info","message":"API Request","data":{"method":"GET","path":"/api/seguimientos","query":{}}}
{"timestamp":"2025-02-20T18:14:29.309Z","type":"info","message":"API Request","data":{"method":"GET","path":"/api/mensajes","query":{}}}
{"timestamp":"2025-02-20T18:27:29.683Z","type":"info","message":"API Request","data":{"method":"GET","path":"/api/consejos","query":{}}}
{"timestamp":"2025-02-20T18:27:35.236Z","type":"info","message":"API Request","data":{"method":"OPTIONS","path":"/api/consejos/67b76ad7a81cb829a0ea3956","query":{}}}
{"timestamp":"2025-02-20T18:27:35.238Z","type":"info","message":"API Request","data":{"method":"PUT","path":"/api/consejos/67b76ad7a81cb829a0ea3956","query":{}}}
{"timestamp":"2025-02-20T18:27:35.247Z","type":"info","message":"API Request","data":{"method":"GET","path":"/api/consejos","query":{}}}
{"timestamp":"2025-02-20T18:27:40.987Z","type":"info","message":"API Request","data":{"method":"OPTIONS","path":"/api/consejos/67b76ad7a81cb829a0ea3956","query":{}}}
{"timestamp":"2025-02-20T18:27:40.990Z","type":"info","message":"API Request","data":{"method":"PUT","path":"/api/consejos/67b76ad7a81cb829a0ea3956","query":{}}}
{"timestamp":"2025-02-20T18:27:40.997Z","type":"info","message":"API Request","data":{"method":"GET","path":"/api/consejos","query":{}}}
{"timestamp":"2025-02-20T18:27:42.716Z","type":"info","message":"API Request","data":{"method":"GET","path":"/api/seguimientos","query":{}}}
{"timestamp":"2025-02-20T18:27:43.978Z","type":"info","message":"API Request","data":{"method":"GET","path":"/api/consejos","query":{}}}
{"timestamp":"2025-02-20T18:28:05.100Z","type":"info","message":"API Request","data":{"method":"OPTIONS","path":"/api/consejos/67b76ad7a81cb829a0ea3956","query":{}}}
{"timestamp":"2025-02-20T18:28:05.102Z","type":"info","message":"API Request","data":{"method":"PUT","path":"/api/consejos/67b76ad7a81cb829a0ea3956","query":{}}}
{"timestamp":"2025-02-20T18:28:05.108Z","type":"info","message":"API Request","data":{"method":"GET","path":"/api/consejos","query":{}}}
{"timestamp":"2025-02-20T18:28:06.794Z","type":"info","message":"API Request","data":{"method":"GET","path":"/api/seguimientos","query":{}}}
{"timestamp":"2025-02-20T18:28:11.499Z","type":"info","message":"API Request","data":{"method":"OPTIONS","path":"/api/seguimientos","query":{}}}
{"timestamp":"2025-02-20T18:28:11.501Z","type":"info","message":"API Request","data":{"method":"POST","path":"/api/seguimientos","query":{}}}
{"timestamp":"2025-02-20T18:28:11.507Z","type":"info","message":"API Request","data":{"method":"GET","path":"/api/seguimientos","query":{}}}
{"timestamp":"2025-02-20T18:28:13.306Z","type":"info","message":"API Request","data":{"method":"GET","path":"/api/seguimientos","query":{}}}
{"timestamp":"2025-02-20T18:28:19.978Z","type":"info","message":"API Request","data":{"method":"OPTIONS","path":"/api/seguimientos/67b7743bc4409ca526d0ca3d","query":{}}}
{"timestamp":"2025-02-20T18:28:19.980Z","type":"info","message":"API Request","data":{"method":"DELETE","path":"/api/seguimientos/67b7743bc4409ca526d0ca3d","query":{}}}
{"timestamp":"2025-02-20T18:28:19.986Z","type":"info","message":"API Request","data":{"method":"GET","path":"/api/seguimientos","query":{}}}
{"timestamp":"2025-02-20T18:28:21.859Z","type":"info","message":"API Request","data":{"method":"GET","path":"/api/mensajes","query":{}}}
{"timestamp":"2025-02-20T18:29:44.443Z","type":"info","message":"API Request","data":{"method":"GET","path":"/api/consejos","query":{}}}
{"timestamp":"2025-02-20T18:29:49.411Z","type":"info","message":"API Request","data":{"method":"OPTIONS","path":"/api/consejos/67b76ad4a81cb829a0ea3955","query":{}}}
{"timestamp":"2025-02-20T18:29:49.413Z","type":"info","message":"API Request","data":{"method":"PUT","path":"/api/consejos/67b76ad4a81cb829a0ea3955","query":{}}}
{"timestamp":"2025-02-20T18:29:49.420Z","type":"info","message":"API Request","data":{"method":"GET","path":"/api/consejos","query":{}}}
{"timestamp":"2025-02-20T18:29:50.386Z","type":"info","message":"API Request","data":{"method":"GET","path":"/api/seguimientos","query":{}}}
{"timestamp":"2025-02-20T18:29:51.810Z","type":"info","message":"API Request","data":{"method":"GET","path":"/api/mensajes","query":{}}}
{"timestamp":"2025-02-20T18:29:53.099Z","type":"info","message":"API Request","data":{"method":"GET","path":"/api/seguimientos","query":{}}}
{"timestamp":"2025-02-20T18:29:56.116Z","type":"info","message":"API Request","data":{"method":"OPTIONS","path":"/api/seguimientos","query":{}}}
{"timestamp":"2025-02-20T18:29:56.118Z","type":"info","message":"API Request","data":{"method":"POST","path":"/api/seguimientos","query":{}}}
{"timestamp":"2025-02-20T18:29:56.123Z","type":"info","message":"API Request","data":{"method":"GET","path":"/api/seguimientos","query":{}}}
{"timestamp":"2025-02-20T18:32:08.979Z","type":"info","message":"API Request","data":{"method":"GET","path":"/api/consejos","query":{}}}
{"timestamp":"2025-02-20T18:35:36.873Z","type":"info","message":"API Request","data":{"method":"GET","path":"/api/consejos","query":{}}}
{"timestamp":"2025-02-20T18:35:38.881Z","type":"info","message":"API Request","data":{"method":"GET","path":"/api/seguimientos","query":{}}}
{"timestamp":"2025-02-20T18:35:50.257Z","type":"info","message":"API Request","data":{"method":"OPTIONS","path":"/api/seguimientos","query":{}}}
{"timestamp":"2025-02-20T18:35:50.259Z","type":"info","message":"API Request","data":{"method":"POST","path":"/api/seguimientos","query":{}}}
{"timestamp":"2025-02-20T19:04:17.283Z","type":"info","message":"Servidor iniciado en http://localhost:3000","data":{}}
{"timestamp":"2025-02-20T19:04:17.295Z","type":"info","message":"Conectado a MongoDB exitosamente","data":{}}
{"timestamp":"2025-02-20T19:04:29.352Z","type":"info","message":"API Request","data":{"method":"GET","path":"/api/tests","query":{}}}
{"timestamp":"2025-02-20T19:04:29.357Z","type":"debug","message":"Obteniendo tests","data":{}}
{"timestamp":"2025-02-20T19:04:29.366Z","type":"info","message":"Tests recuperados","data":{"count":3}}
{"timestamp":"2025-02-20T19:05:00.034Z","type":"info","message":"API Request","data":{"method":"GET","path":"/api/consejos","query":{}}}
{"timestamp":"2025-02-20T19:05:03.714Z","type":"info","message":"API Request","data":{"method":"GET","path":"/api/seguimientos","query":{}}}
{"timestamp":"2025-02-20T19:05:09.362Z","type":"info","message":"API Request","data":{"method":"OPTIONS","path":"/api/seguimientos/67b77606c4409ca526d0ca3f","query":{}}}
{"timestamp":"2025-02-20T19:05:09.364Z","type":"info","message":"API Request","data":{"method":"DELETE","path":"/api/seguimientos/67b77606c4409ca526d0ca3f","query":{}}}
{"timestamp":"2025-02-20T19:05:09.370Z","type":"info","message":"API Request","data":{"method":"GET","path":"/api/seguimientos","query":{}}}
{"timestamp":"2025-02-20T19:05:11.274Z","type":"info","message":"API Request","data":{"method":"GET","path":"/api/consejos","query":{}}}
{"timestamp":"2025-02-20T19:05:13.202Z","type":"info","message":"API Request","data":{"method":"OPTIONS","path":"/api/consejos/67b76ad7a81cb829a0ea3956","query":{}}}
{"timestamp":"2025-02-20T19:05:13.203Z","type":"info","message":"API Request","data":{"method":"DELETE","path":"/api/consejos/67b76ad7a81cb829a0ea3956","query":{}}}
{"timestamp":"2025-02-20T19:05:13.208Z","type":"info","message":"API Request","data":{"method":"GET","path":"/api/consejos","query":{}}}
{"timestamp":"2025-02-20T19:05:14.385Z","type":"info","message":"API Request","data":{"method":"OPTIONS","path":"/api/consejos/67b76ad4a81cb829a0ea3955","query":{}}}
{"timestamp":"2025-02-20T19:05:14.387Z","type":"info","message":"API Request","data":{"method":"DELETE","path":"/api/consejos/67b76ad4a81cb829a0ea3955","query":{}}}
{"timestamp":"2025-02-20T19:05:14.391Z","type":"info","message":"API Request","data":{"method":"GET","path":"/api/consejos","query":{}}}
{"timestamp":"2025-02-20T19:05:15.305Z","type":"info","message":"API Request","data":{"method":"GET","path":"/api/seguimientos","query":{}}}
{"timestamp":"2025-02-20T19:05:17.818Z","type":"info","message":"API Request","data":{"method":"OPTIONS","path":"/api/seguimientos/67b774a4c4409ca526d0ca3e","query":{}}}
{"timestamp":"2025-02-20T19:05:17.820Z","type":"info","message":"API Request","data":{"method":"DELETE","path":"/api/seguimientos/67b774a4c4409ca526d0ca3e","query":{}}}
